<?xml version="1.0" encoding="UTF-8"?>
<testsuite xmlns:xsi="http://www.w3.org/2001/XMLSchema-instance" xsi:noNamespaceSchemaLocation="https://maven.apache.org/surefire/maven-surefire-plugin/xsd/surefire-test-report-3.0.xsd" version="3.0" name="example.ByosApplicationTest" time="2.077" tests="12" errors="0" skipped="0" failures="1">
  <properties>
[...]
</properties>
  <testcase name="multipleQueries" classname="example.ByosApplicationTest" time="1.036">
    <system-out><![CDATA[
  .   ____          _            __ _ _
 /\\ / ___'_ __ _ _(_)_ __  __ _ \ \ \ \
( ( )\___ | '_ | '_| | '_ \/ _` | \ \ \ \
 \\/  ___)| |_)| | | | | || (_| |  ) ) ) )
  '  |____| .__|_| |_|_| |_\__, | / / / /
 =========|_|==============|___/=/_/_/_/
 :: Spring Boot ::                (v3.0.4)

2024-01-24 23:22:23,359 INFO  [exa.ByosApplicationTest] (main) Starting ByosApplicationTest using Java 17.0.1 with PID 65835 (started by esteiner in /Users/esteiner/Workspaces/GitHub/GraphQL/byos/byos)
2024-01-24 23:22:23,361 INFO  [exa.ByosApplicationTest] (main) No active profile set, falling back to 1 default profile: "default"
2024-01-24 23:22:23,773 INFO  [exa.ByosApplicationTest] (main) Started ByosApplicationTest in 0.554 seconds (process running for 1.051)
2024-01-24T23:22:24.759+01:00  INFO 65835 --- [           main] org.jooq.Constants                       : 
                                      
@@@@@@@@@@@@@@@@@@@@@@@@@@@@@@@@@@@@@@
@@@@@@@@@@@@@@@@@@@@@@@@@@@@@@@@@@@@@@
@@@@@@@@@@@@@@@@  @@        @@@@@@@@@@
@@@@@@@@@@@@@@@@@@@@        @@@@@@@@@@
@@@@@@@@@@@@@@@@  @@  @@    @@@@@@@@@@
@@@@@@@@@@  @@@@  @@  @@    @@@@@@@@@@
@@@@@@@@@@        @@        @@@@@@@@@@
@@@@@@@@@@@@@@@@@@@@@@@@@@@@@@@@@@@@@@
@@@@@@@@@@@@@@@@@@@@@@@@@@@@@@@@@@@@@@
@@@@@@@@@@        @@        @@@@@@@@@@
@@@@@@@@@@    @@  @@  @@@@  @@@@@@@@@@
@@@@@@@@@@    @@  @@  @@@@  @@@@@@@@@@
@@@@@@@@@@        @@  @  @  @@@@@@@@@@
@@@@@@@@@@        @@        @@@@@@@@@@
@@@@@@@@@@@@@@@@@@@@@@@  @@@@@@@@@@@@@
@@@@@@@@@@@@@@@@@@@@@@@@@@@@@@@@@@@@@@
@@@@@@@@@@@@@@@@@@@@@@@@@@@@@@@@@@@@@@  Thank you for using jOOQ 3.18.7 (Build date: 2023-10-10T12:53:05Z)
                                      
2024-01-24T23:22:24.760+01:00  INFO 65835 --- [           main] org.jooq.Constants                       : 

jOOQ tip of the day: A Field<Boolean> can be turned into a Condition using DSL.condition(Field<Boolean>) for use in WHERE, HAVING, etc.: https://www.jooq.org/doc/latest/manual/sql-building/conditional-expressions/boolean-column/

2024-01-24T23:22:24.776+01:00  WARN 65835 --- [           main] o.j.i.D.logVersionSupport                : Version mismatch         : Database version is older than what dialect POSTGRES supports: 14.5. Consider https://www.jooq.org/download/support-matrix to see what jOOQ version and edition supports which RDBMS versions.
select (
  with
    "cte" as (
      select "actorById-0"."last_name" as "last_name"
      from "public"."actor" as "actorById-0"
      where "actorById-0"."actor_id" = 1
      order by "actorById-0"."actor_id" asc
    )
  select json_build_object('last_name', "last_name")
  from "cte"
) as "a1"
select (
  with
    "cte" as (
      select "actorById-1"."last_name" as "last_name"
      from "public"."actor" as "actorById-1"
      where "actorById-1"."actor_id" = 2
      order by "actorById-1"."actor_id" asc
    )
  select json_build_object('last_name', "last_name")
  from "cte"
) as "a2"
+-------------------------+
|a1                       |
+-------------------------+
|{"last_name" : "GUINESS"}|
+-------------------------+

+--------------------------+
|a2                        |
+--------------------------+
|{"last_name" : "WAHLBERG"}|
+--------------------------+

]]></system-out>
    <system-err><![CDATA[SLF4J: Class path contains multiple SLF4J providers.
SLF4J: Found provider [ch.qos.logback.classic.spi.LogbackServiceProvider@607fbe09]
SLF4J: Found provider [org.slf4j.impl.JBossSlf4jServiceProvider@60a2630a]
SLF4J: See https://www.slf4j.org/codes.html#multiple_bindings for an explanation.
SLF4J: Actual provider is of type [ch.qos.logback.classic.spi.LogbackServiceProvider@607fbe09]
]]></system-err>
  </testcase>
  <testcase name="simpleQuery" classname="example.ByosApplicationTest" time="0.035">
    <system-out><![CDATA[select (
  with
    "cte" as (
      select
        "allFilms-0"."film_id" as "film_id",
        "allFilms-0"."title" as "title",
        "allFilms-0"."release_year" as "release_year"
      from "public"."film" as "allFilms-0"
      order by "allFilms-0"."film_id" asc
      fetch next 3 rows only
    )
  select json_build_object('edges', coalesce(
    json_agg(json_build_object('node', json_build_object(
      'film_id', "film_id",
      'title', "title",
      'release_year', "release_year"
    ))),
    json_build_array()
  ))
  from "cte"
) as "allFilms"
+--------------------------------------------------+
|allFilms                                          |
+--------------------------------------------------+
|{"edges" : [{"node" : {"film_id" : 1, "title" :...|
+--------------------------------------------------+

]]></system-out>
  </testcase>
  <testcase name="queryWithCustomOrder" classname="example.ByosApplicationTest" time="0.034">
    <system-out><![CDATA[select (
  with
    "cte" as (
      select
        "allFilms-0"."film_id" as "film_id",
        "allFilms-0"."title" as "title",
        cast(json_build_object(
          'title', "allFilms-0"."title",
          'film_id', "allFilms-0"."film_id"
        ) as varchar) as "cursor"
      from "public"."film" as "allFilms-0"
      order by "allFilms-0"."title" asc, "allFilms-0"."film_id" asc
      fetch next 3 rows only
    )
  select json_build_object('edges', coalesce(
    json_agg(json_build_object(
      'node', json_build_object(
        'film_id', "film_id",
        'title', "title"
      ),
      'cursor', cursor
    )),
    json_build_array()
  ))
  from "cte"
) as "allFilms"
+--------------------------------------------------+
|allFilms                                          |
+--------------------------------------------------+
|{"edges" : [{"node" : {"film_id" : 1, "title" :...|
+--------------------------------------------------+

]]></system-out>
  </testcase>
  <testcase name="queryWithArgument" classname="example.ByosApplicationTest" time="0.015">
    <system-out><![CDATA[select (
  with
    "cte" as (
      select
        "actorById-0"."actor_id" as "actor_id",
        "actorById-0"."last_name" as "last_name"
      from "public"."actor" as "actorById-0"
      where "actorById-0"."actor_id" = 1
      order by "actorById-0"."actor_id" asc
    )
  select json_build_object(
    'actor_id', "actor_id",
    'last_name', "last_name"
  )
  from "cte"
) as "actorById"
+-----------------------------------------+
|actorById                                |
+-----------------------------------------+
|{"actor_id" : 1, "last_name" : "GUINESS"}|
+-----------------------------------------+

]]></system-out>
  </testcase>
  <testcase name="nToMRelationTwoWays" classname="example.ByosApplicationTest" time="0.041">
    <system-out><![CDATA[select (
  with
    "cte" as (
      select
        "allStores-0"."store_id" as "store_id",
        (
          with
            "cte" as (
              select "films-1"."film_id" as "film_id"
              from "public"."film" as "films-1"
              where exists (
                select 1 as "one"
                from "public"."inventory"
                where (
                  "allStores-0"."store_id" = "public"."inventory"."store_id"
                  and "public"."inventory"."film_id" = "films-1"."film_id"
                )
              )
              order by "films-1"."film_id" asc
              fetch next 2 rows only
            )
          select json_build_object('edges', coalesce(
            json_agg(json_build_object('node', json_build_object('film_id', "film_id"))),
            json_build_array()
          ))
          from "cte"
        ) as "films",
        (
          with
            "cte" as (
              select (
                with
                  "cte" as (
                    select "film-3"."film_id" as "film_id"
                    from "public"."film" as "film-3"
                    where "inventories-2"."film_id" = "film-3"."film_id"
                    order by "film-3"."film_id" asc
                  )
                select json_build_object('film_id', "film_id")
                from "cte"
              ) as "film"
              from "public"."inventory" as "inventories-2"
              where "allStores-0"."store_id" = "inventories-2"."store_id"
              order by "inventories-2"."inventory_id" asc
              fetch next 2 rows only
            )
          select json_build_object('edges', coalesce(
            json_agg(json_build_object('node', json_build_object('film', "film"))),
            json_build_array()
          ))
          from "cte"
        ) as "inventories"
      from "public"."store" as "allStores-0"
      order by "allStores-0"."store_id" asc
    )
  select json_build_object('edges', coalesce(
    json_agg(json_build_object('node', json_build_object(
      'store_id', "store_id",
      'films', "films",
      'inventories', "inventories"
    ))),
    json_build_array()
  ))
  from "cte"
) as "allStores"
+--------------------------------------------------+
|allStores                                         |
+--------------------------------------------------+
|{"edges" : [{"node" : {"store_id" : 1, "films" ...|
+--------------------------------------------------+

]]></system-out>
  </testcase>
  <testcase name="simpleQueryWithMoreDepth" classname="example.ByosApplicationTest" time="0.012">
    <system-out><![CDATA[select (
  with
    "cte" as (
      select
        "allFilms-0"."title" as "title",
        (
          with
            "cte" as (
              select "actors-1"."actor_id" as "actor_id"
              from "public"."actor" as "actors-1"
              where exists (
                select 1 as "one"
                from "public"."film_actor"
                where (
                  "allFilms-0"."film_id" = "public"."film_actor"."film_id"
                  and "public"."film_actor"."actor_id" = "actors-1"."actor_id"
                )
              )
              order by "actors-1"."actor_id" asc
            )
          select coalesce(
            json_agg(json_build_object('actor_id', "actor_id")),
            json_build_array()
          )
          from "cte"
        ) as "actors"
      from "public"."film" as "allFilms-0"
      order by "allFilms-0"."film_id" asc
      fetch next 2 rows only
    )
  select json_build_object('edges', coalesce(
    json_agg(json_build_object('node', json_build_object(
      'title', "title",
      'actors', "actors"
    ))),
    json_build_array()
  ))
  from "cte"
) as "allFilms"
+--------------------------------------------------+
|allFilms                                          |
+--------------------------------------------------+
|{"edges" : [{"node" : {"title" : "ACADEMY DINOS...|
+--------------------------------------------------+

]]></system-out>
  </testcase>
  <testcase name="queryReturningNull" classname="example.ByosApplicationTest" time="0.011">
    <system-out><![CDATA[select (
  with
    "cte" as (
      select (
        with
          "cte" as (
            select "original_language-1"."name" as "name"
            from "public"."language" as "original_language-1"
            where "filmById-0"."original_language_id" = "original_language-1"."language_id"
            order by "original_language-1"."language_id" asc
          )
        select json_build_object('name', "name")
        from "cte"
      ) as "original_language"
      from "public"."film" as "filmById-0"
      where "filmById-0"."film_id" = 1
      order by "filmById-0"."film_id" asc
    )
  select json_build_object('original_language', "original_language")
  from "cte"
) as "filmById"
+----------------------------+
|filmById                    |
+----------------------------+
|{"original_language" : null}|
+----------------------------+

]]></system-out>
  </testcase>
  <testcase name="queryWithAlias" classname="example.ByosApplicationTest" time="0.018">
    <system-out><![CDATA[select (
  with
    "cte" as (
      select
        "filmById-0"."film_id" as "id",
        "filmById-0"."film_id" as "film_id",
        (
          with
            "cte" as (
              select "actors-1"."actor_id" as "aid"
              from "public"."actor" as "actors-1"
              where exists (
                select 1 as "one"
                from "public"."film_actor"
                where (
                  "filmById-0"."film_id" = "public"."film_actor"."film_id"
                  and "public"."film_actor"."actor_id" = "actors-1"."actor_id"
                )
              )
              order by "actors-1"."actor_id" asc
            )
          select coalesce(
            json_agg(json_build_object('aid', "aid")),
            json_build_array()
          )
          from "cte"
        ) as "star"
      from "public"."film" as "filmById-0"
      where "filmById-0"."film_id" = 2
      order by "filmById-0"."film_id" asc
    )
  select json_build_object(
    'id', "id",
    'film_id', "film_id",
    'star', "star"
  )
  from "cte"
) as "movie2"
+--------------------------------------------------+
|movie2                                            |
+--------------------------------------------------+
|{"id" : 2, "film_id" : 2, "star" : [{"aid" : 19...|
+--------------------------------------------------+

]]></system-out>
  </testcase>
  <testcase name="queryWithSelfRelation" classname="example.ByosApplicationTest" time="0.033">
    <failure message="expected: &lt;{&quot;data&quot;:{&quot;allCategories&quot;:{&quot;edges&quot;:[{&quot;node&quot;:{&quot;name&quot;:&quot;Action&quot;,&quot;parent_category&quot;:null,&quot;subcategories&quot;:{&quot;edges&quot;:[{&quot;node&quot;:{&quot;name&quot;:&quot;Sci-Fi&quot;}}]}}},{&quot;node&quot;:{&quot;name&quot;:&quot;Animation&quot;,&quot;parent_category&quot;:null,&quot;subcategories&quot;:{&quot;edges&quot;:[{&quot;node&quot;:{&quot;name&quot;:&quot;Children&quot;}},{&quot;node&quot;:{&quot;name&quot;:&quot;Classics&quot;}}]}}},{&quot;node&quot;:{&quot;name&quot;:&quot;Children&quot;,&quot;parent_category&quot;:{&quot;name&quot;:&quot;Animation&quot;},&quot;subcategories&quot;:{&quot;edges&quot;:[{&quot;node&quot;:{&quot;name&quot;:&quot;Family&quot;}}]}}}]}}}&gt; but was: &lt;{&quot;data&quot;:{&quot;allCategories&quot;:{&quot;edges&quot;:[{&quot;node&quot;:{&quot;name&quot;:&quot;Action&quot;,&quot;parent_category&quot;:null,&quot;subcategories&quot;:{&quot;edges&quot;:[]}}},{&quot;node&quot;:{&quot;name&quot;:&quot;Animation&quot;,&quot;parent_category&quot;:null,&quot;subcategories&quot;:{&quot;edges&quot;:[]}}},{&quot;node&quot;:{&quot;name&quot;:&quot;Children&quot;,&quot;parent_category&quot;:null,&quot;subcategories&quot;:{&quot;edges&quot;:[]}}}]}}}&gt;" type="org.opentest4j.AssertionFailedError"><![CDATA[org.opentest4j.AssertionFailedError: expected: <{"data":{"allCategories":{"edges":[{"node":{"name":"Action","parent_category":null,"subcategories":{"edges":[{"node":{"name":"Sci-Fi"}}]}}},{"node":{"name":"Animation","parent_category":null,"subcategories":{"edges":[{"node":{"name":"Children"}},{"node":{"name":"Classics"}}]}}},{"node":{"name":"Children","parent_category":{"name":"Animation"},"subcategories":{"edges":[{"node":{"name":"Family"}}]}}}]}}}> but was: <{"data":{"allCategories":{"edges":[{"node":{"name":"Action","parent_category":null,"subcategories":{"edges":[]}}},{"node":{"name":"Animation","parent_category":null,"subcategories":{"edges":[]}}},{"node":{"name":"Children","parent_category":null,"subcategories":{"edges":[]}}}]}}}>
	at org.junit.jupiter.api.AssertionFailureBuilder.build(AssertionFailureBuilder.java:151)
	at org.junit.jupiter.api.AssertionFailureBuilder.buildAndThrow(AssertionFailureBuilder.java:132)
	at org.junit.jupiter.api.AssertEquals.failNotEqual(AssertEquals.java:197)
	at org.junit.jupiter.api.AssertEquals.assertEquals(AssertEquals.java:182)
	at org.junit.jupiter.api.AssertEquals.assertEquals(AssertEquals.java:177)
	at org.junit.jupiter.api.Assertions.assertEquals(Assertions.java:1145)
	at example.TestHelpersKt.assertJsonEquals(TestHelpers.kt:12)
	at example.ByosApplicationTest.queryWithSelfRelation(ByosApplicationTest.kt:277)
	at java.base/java.lang.reflect.Method.invoke(Method.java:568)
	at java.base/java.util.ArrayList.forEach(ArrayList.java:1511)
	at java.base/java.util.ArrayList.forEach(ArrayList.java:1511)
]]></failure>
    <system-out><![CDATA[select (
  with
    "cte" as (
      select
        "allCategories-0"."name" as "name",
        (
          with
            "cte" as (
              select "parent_category-1"."name" as "name"
              from "public"."category" as "parent_category-1"
              where "allCategories-0"."parent_category_id" = "parent_category-1"."category_id"
              order by "parent_category-1"."category_id" asc
            )
          select json_build_object('name', "name")
          from "cte"
        ) as "parent_category",
        (
          with
            "cte" as (
              select "subcategories-2"."name" as "name"
              from "public"."category" as "subcategories-2"
              where "allCategories-0"."category_id" = "subcategories-2"."parent_category_id"
              order by "subcategories-2"."category_id" asc
            )
          select json_build_object('edges', coalesce(
            json_agg(json_build_object('node', json_build_object('name', "name"))),
            json_build_array()
          ))
          from "cte"
        ) as "subcategories"
      from "public"."category" as "allCategories-0"
      order by "allCategories-0"."category_id" asc
      fetch next 3 rows only
    )
  select json_build_object('edges', coalesce(
    json_agg(json_build_object('node', json_build_object(
      'name', "name",
      'parent_category', "parent_category",
      'subcategories', "subcategories"
    ))),
    json_build_array()
  ))
  from "cte"
) as "allCategories"
+--------------------------------------------------+
|allCategories                                     |
+--------------------------------------------------+
|{"edges" : [{"node" : {"name" : "Action", "pare...|
+--------------------------------------------------+

]]></system-out>
  </testcase>
  <testcase name="queryWithFirstLimit" classname="example.ByosApplicationTest" time="0.014">
    <system-out><![CDATA[select (
  with
    "cte" as (
      select
        "allFilms-0"."film_id" as "film_id",
        (
          with
            "cte" as (
              select
                "actors-1"."actor_id" as "actor_id",
                (
                  with
                    "cte" as (
                      select "films-2"."film_id" as "film_id"
                      from "public"."film" as "films-2"
                      where (
                        "films-2"."release_year" = 2006
                        and exists (
                          select 1 as "one"
                          from "public"."film_actor"
                          where (
                            "actors-1"."actor_id" = "public"."film_actor"."actor_id"
                            and "public"."film_actor"."film_id" = "films-2"."film_id"
                          )
                        )
                      )
                      order by "films-2"."film_id" asc
                      fetch next 1 rows only
                    )
                  select json_build_object('edges', coalesce(
                    json_agg(json_build_object('node', json_build_object('film_id', "film_id"))),
                    json_build_array()
                  ))
                  from "cte"
                ) as "films"
              from "public"."actor" as "actors-1"
              where exists (
                select 1 as "one"
                from "public"."film_actor"
                where (
                  "allFilms-0"."film_id" = "public"."film_actor"."film_id"
                  and "public"."film_actor"."actor_id" = "actors-1"."actor_id"
                )
              )
              order by "actors-1"."actor_id" asc
            )
          select coalesce(
            json_agg(json_build_object(
              'actor_id', "actor_id",
              'films', "films"
            )),
            json_build_array()
          )
          from "cte"
        ) as "actors",
        cast(json_build_object('film_id', "allFilms-0"."film_id") as varchar) as "cursor"
      from "public"."film" as "allFilms-0"
      order by "allFilms-0"."film_id" asc
      fetch next 1 rows only
    )
  select json_build_object(
    'edges', coalesce(
      json_agg(json_build_object(
        'node', json_build_object(
          'film_id', "film_id",
          'actors', "actors"
        ),
        'cursor', cursor
      )),
      json_build_array()
    ),
    'totalCount', (
      select count(*)
      from "public"."film" as "allFilms-0"
    )
  )
  from "cte"
) as "allFilms"
+--------------------------------------------------+
|allFilms                                          |
+--------------------------------------------------+
|{"edges" : [{"node" : {"film_id" : 1, "actors" ...|
+--------------------------------------------------+

]]></system-out>
  </testcase>
  <testcase name="queryReturningObject" classname="example.ByosApplicationTest" time="0.017">
    <system-out><![CDATA[select (
  with
    "cte" as (
      select "filmById-0"."title" as "title"
      from "public"."film" as "filmById-0"
      where "filmById-0"."film_id" = 1
      order by "filmById-0"."film_id" asc
    )
  select json_build_object('title', "title")
  from "cte"
) as "filmById"
+------------------------------+
|filmById                      |
+------------------------------+
|{"title" : "ACADEMY DINOSAUR"}|
+------------------------------+

]]></system-out>
  </testcase>
  <testcase name="orderByMultipleFieldsAndUseCursor" classname="example.ByosApplicationTest" time="0.039">
    <system-out><![CDATA[select (
  with
    "cte" as (
      select
        "allFilms-0"."title" as "title",
        cast(json_build_object(
          'release_year', "allFilms-0"."release_year",
          'title', "allFilms-0"."title",
          'film_id', "allFilms-0"."film_id"
        ) as varchar) as "cursor"
      from "public"."film" as "allFilms-0"
      where (
        "allFilms-0"."release_year" > 2006
        or (
          "allFilms-0"."release_year" = 2006
          and (
            "allFilms-0"."title" < 'AFFAIR PREJUDICE'
            or (
              "allFilms-0"."title" = 'AFFAIR PREJUDICE'
              and "allFilms-0"."film_id" > 4
            )
          )
        )
      )
      order by "allFilms-0"."release_year" asc, "allFilms-0"."title" desc, "allFilms-0"."film_id" asc
    )
  select json_build_object(
    'edges', coalesce(
      json_agg(json_build_object(
        'node', json_build_object('title', "title"),
        'cursor', cursor
      )),
      json_build_array()
    ),
    'totalCount', (
      select count(*)
      from "public"."film" as "allFilms-0"
    )
  )
  from "cte"
) as "allFilms"
+--------------------------------------------------+
|allFilms                                          |
+--------------------------------------------------+
|{"edges" : [{"node" : {"title" : "ADAPTATION HO...|
+--------------------------------------------------+

]]></system-out>
  </testcase>
</testsuite>